#
# There is insufficient memory for the Java Runtime Environment to continue.
# Native memory allocation (malloc) failed to allocate 469520 bytes for Chunk::new
# Possible reasons:
#   The system is out of physical RAM or swap space
#   In 32 bit mode, the process size limit was hit
# Possible solutions:
#   Reduce memory load on the system
#   Increase physical memory or swap space
#   Check if swap backing store is full
#   Use 64 bit Java on a 64 bit OS
#   Decrease Java heap size (-Xmx/-Xms)
#   Decrease number of Java threads
#   Decrease Java thread stack sizes (-Xss)
#   Set larger code cache with -XX:ReservedCodeCacheSize=
# This output file may be truncated or incomplete.
#
#  Out of Memory Error (allocation.cpp:390), pid=8576, tid=0x0000000000002644
#
# JRE version: Java(TM) SE Runtime Environment (8.0_181-b13) (build 1.8.0_181-b13)
# Java VM: Java HotSpot(TM) 64-Bit Server VM (25.181-b13 mixed mode windows-amd64 compressed oops)
# Failed to write core dump. Minidumps are not enabled by default on client versions of Windows
#

---------------  T H R E A D  ---------------

Current thread (0x0000000015ffe800):  JavaThread "C2 CompilerThread0" daemon [_thread_in_native, id=9796, stack(0x0000000017430000,0x0000000017530000)]

Stack: [0x0000000017430000,0x0000000017530000]
[error occurred during error reporting (printing stack bounds), id 0xc0000005]

Native frames: (J=compiled Java code, j=interpreted, Vv=VM code, C=native code)


Current CompileTask:
C2:  42416 4044   !   4       com.sun.beans.TypeResolver::resolve (274 bytes)


---------------  P R O C E S S  ---------------

Java Threads: ( => current thread )
  0x0000000017e95000 JavaThread "Memory manager" [_thread_blocked, id=8392, stack(0x000000001f6c0000,0x000000001f7c0000)]
  0x0000000017e94000 JavaThread "Build operations Thread 2" [_thread_blocked, id=8464, stack(0x000000001bbe0000,0x000000001bce0000)]
  0x0000000017e93800 JavaThread "Build operations" [_thread_blocked, id=10028, stack(0x000000001eeb0000,0x000000001efb0000)]
  0x0000000017e92800 JavaThread "Cache worker for Artifact transforms cache (C:\Users\РўР°СЂР°СЃРѕРІС‹\.gradle\caches\transforms-1)" [_thread_blocked, id=7056, stack(0x000000001e8b0000,0x000000001e9b0000)]
  0x0000000017e91000 JavaThread "Cache worker for file hash cache (D:\IT\Java\Android_Projects\FirstApp\Exercise Files\Ch02\02_02\FirstApp\.gradle\4.6\fileHashes)" [_thread_blocked, id=10072, stack(0x000000001bef0000,0x000000001bff0000)]
  0x0000000017e90800 JavaThread "File lock request listener" [_thread_in_native, id=9928, stack(0x000000001bd70000,0x000000001be70000)]
  0x0000000017e8f800 JavaThread "Cache worker for file hash cache (C:\Users\РўР°СЂР°СЃРѕРІС‹\.gradle\caches\4.6\fileHashes)" [_thread_blocked, id=7824, stack(0x000000001bae0000,0x000000001bbe0000)]
  0x0000000018c34800 JavaThread "Stdin handler" [_thread_blocked, id=8724, stack(0x000000001a720000,0x000000001a820000)]
  0x0000000018c07800 JavaThread "Asynchronous log dispatcher for DefaultDaemonConnection: socket connection from /127.0.0.1:3740 to /127.0.0.1:3741" [_thread_blocked, id=4968, stack(0x000000001a500000,0x000000001a600000)]
  0x0000000018bf8800 JavaThread "Daemon worker" [_thread_in_native, id=1344, stack(0x000000001a3e0000,0x000000001a4e0000)]
  0x0000000018c3e000 JavaThread "Cancel handler" [_thread_blocked, id=7836, stack(0x0000000019a10000,0x0000000019b10000)]
  0x0000000018be4800 JavaThread "Handler for socket connection from /127.0.0.1:3740 to /127.0.0.1:3741" [_thread_in_native, id=6784, stack(0x000000001a0d0000,0x000000001a1d0000)]
  0x0000000018be1000 JavaThread "Daemon" [_thread_blocked, id=8572, stack(0x0000000019f00000,0x000000001a000000)]
  0x0000000018b70800 JavaThread "Daemon periodic checks" [_thread_blocked, id=8876, stack(0x0000000019d40000,0x0000000019e40000)]
  0x0000000018b69800 JavaThread "Incoming local TCP Connector on port 3740" [_thread_in_native, id=8604, stack(0x0000000019b20000,0x0000000019c20000)]
  0x00000000177e8800 JavaThread "Daemon health stats" [_thread_blocked, id=5192, stack(0x0000000019520000,0x0000000019620000)]
  0x0000000017550800 JavaThread "Service Thread" daemon [_thread_blocked, id=6240, stack(0x0000000017990000,0x0000000017a90000)]
  0x000000001600c800 JavaThread "C1 CompilerThread1" daemon [_thread_blocked, id=9904, stack(0x00000000172f0000,0x00000000173f0000)]
=>0x0000000015ffe800 JavaThread "C2 CompilerThread0" daemon [_thread_in_native, id=9796, stack(0x0000000017430000,0x0000000017530000)]
  0x0000000015ffd000 JavaThread "Attach Listener" daemon [_thread_blocked, id=10080, stack(0x00000000171a0000,0x00000000172a0000)]
  0x0000000015ffc000 JavaThread "Signal Dispatcher" daemon [_thread_blocked, id=9888, stack(0x0000000016fd0000,0x00000000170d0000)]
  0x0000000015fdf000 JavaThread "Finalizer" daemon [_thread_blocked, id=8764, stack(0x0000000016eb0000,0x0000000016fb0000)]
  0x0000000015f95800 JavaThread "Reference Handler" daemon [_thread_blocked, id=9360, stack(0x0000000016d30000,0x0000000016e30000)]
  0x000000000223f800 JavaThread "main" [_thread_blocked, id=8424, stack(0x00000000023d0000,0x00000000024d0000)]

Other Threads:
  0x0000000015f8d800 VMThread [stack: 0x0000000016a50000,0x0000000016b50000] [id=9504]
  0x000000001601c800 WatcherThread [stack: 0x0000000017b60000,0x0000000017c60000] [id=7376]

VM state:not at safepoint (normal execution)

VM Mutex/Monitor currently owned by a thread: None

Heap:
 PSYoungGen      total 162304K, used 19742K [0x00000000e0000000, 0x00000000eaf00000, 0x0000000100000000)
  eden space 151040K, 5% used [0x00000000e0000000,0x00000000e084bf50,0x00000000e9380000)
  from space 11264K, 99% used [0x00000000ea000000,0x00000000eaafbc48,0x00000000eab00000)
  to   space 12800K, 0% used [0x00000000e9380000,0x00000000e9380000,0x00000000ea000000)
 ParOldGen       total 66560K, used 15636K [0x00000000a0000000, 0x00000000a4100000, 0x00000000e0000000)
  object space 66560K, 23% used [0x00000000a0000000,0x00000000a0f45368,0x00000000a4100000)
 Metaspace       used 41825K, capacity 42618K, committed 43008K, reserved 1085440K
  class space    used 5749K, capacity 6036K, committed 6144K, reserved 1048576K

Card table byte_map: [0x0000000011b60000,0x0000000011e70000] byte_map_base: 0x0000000011660000

Marking Bits: (ParMarkBitMap*) 0x0000000071232d00
 Begin Bits: [0x0000000012360000, 0x0000000013b60000)
 End Bits:   [0x0000000013b60000, 0x0000000015360000)

Polling page: 0x0000000000350000

CodeCache: size=245760Kb used=13196Kb max_used=13196Kb free=232563Kb
 bounds [0x00000000027a0000, 0x0000000003490000, 0x00000000117a0000]
 total_blobs=4465 nmethods=3734 adapters=644
 compilation: enabled

Compilation events (10 events):
Event: 42.107 Thread 0x000000001600c800 4043       3       java.beans.PropertyDescriptor::isAssignable (148 bytes)
Event: 42.107 Thread 0x0000000015ffe800 nmethod 4033 0x0000000003486190 code [0x0000000003486340, 0x00000000034869f8]
Event: 42.110 Thread 0x000000001600c800 nmethod 4043 0x0000000003486f90 code [0x0000000003487600, 0x000000000348bf78]
Event: 42.110 Thread 0x0000000015ffe800 4044   !   4       com.sun.beans.TypeResolver::resolve (274 bytes)
Event: 42.111 Thread 0x000000001600c800 4045       3       groovy.lang.MetaClassImpl::addFields (45 bytes)
Event: 42.111 Thread 0x000000001600c800 nmethod 4045 0x0000000003485590 code [0x0000000003485740, 0x0000000003485e38]
Event: 42.111 Thread 0x000000001600c800 4046       3       groovy.lang.MetaClassImpl$Index::put (10 bytes)
Event: 42.111 Thread 0x000000001600c800 nmethod 4046 0x0000000003485110 code [0x0000000003485280, 0x00000000034854a8]
Event: 42.116 Thread 0x000000001600c800 4048       3       sun.misc.Resource::<init> (5 bytes)
Event: 42.116 Thread 0x000000001600c800 nmethod 4048 0x0000000003479e10 code [0x0000000003479f60, 0x000000000347a110]

GC Heap History (10 events):
Event: 9.720 GC heap before
{Heap before GC invocations=8 (full 1):
 PSYoungGen      total 66048K, used 64649K [0x00000000e0000000, 0x00000000e4f80000, 0x0000000100000000)
  eden space 60928K, 100% used [0x00000000e0000000,0x00000000e3b80000,0x00000000e3b80000)
  from space 5120K, 72% used [0x00000000e4a80000,0x00000000e4e22510,0x00000000e4f80000)
  to   space 10240K, 0% used [0x00000000e3b80000,0x00000000e3b80000,0x00000000e4580000)
 ParOldGen       total 51200K, used 8028K [0x00000000a0000000, 0x00000000a3200000, 0x00000000e0000000)
  object space 51200K, 15% used [0x00000000a0000000,0x00000000a07d7218,0x00000000a3200000)
 Metaspace       used 28184K, capacity 28604K, committed 28800K, reserved 1073152K
  class space    used 4001K, capacity 4165K, committed 4224K, reserved 1048576K
Event: 9.730 GC heap after
Heap after GC invocations=8 (full 1):
 PSYoungGen      total 71168K, used 7103K [0x00000000e0000000, 0x00000000e7f00000, 0x0000000100000000)
  eden space 60928K, 0% used [0x00000000e0000000,0x00000000e0000000,0x00000000e3b80000)
  from space 10240K, 69% used [0x00000000e3b80000,0x00000000e426fc80,0x00000000e4580000)
  to   space 10240K, 0% used [0x00000000e7500000,0x00000000e7500000,0x00000000e7f00000)
 ParOldGen       total 51200K, used 8028K [0x00000000a0000000, 0x00000000a3200000, 0x00000000e0000000)
  object space 51200K, 15% used [0x00000000a0000000,0x00000000a07d7218,0x00000000a3200000)
 Metaspace       used 28184K, capacity 28604K, committed 28800K, reserved 1073152K
  class space    used 4001K, capacity 4165K, committed 4224K, reserved 1048576K
}
Event: 30.571 GC heap before
{Heap before GC invocations=9 (full 1):
 PSYoungGen      total 71168K, used 68031K [0x00000000e0000000, 0x00000000e7f00000, 0x0000000100000000)
  eden space 60928K, 100% used [0x00000000e0000000,0x00000000e3b80000,0x00000000e3b80000)
  from space 10240K, 69% used [0x00000000e3b80000,0x00000000e426fc80,0x00000000e4580000)
  to   space 10240K, 0% used [0x00000000e7500000,0x00000000e7500000,0x00000000e7f00000)
 ParOldGen       total 51200K, used 8028K [0x00000000a0000000, 0x00000000a3200000, 0x00000000e0000000)
  object space 51200K, 15% used [0x00000000a0000000,0x00000000a07d7218,0x00000000a3200000)
 Metaspace       used 33750K, capacity 34196K, committed 34432K, reserved 1079296K
  class space    used 4809K, capacity 4966K, committed 4992K, reserved 1048576K
Event: 30.582 GC heap after
Heap after GC invocations=9 (full 1):
 PSYoungGen      total 116736K, used 10239K [0x00000000e0000000, 0x00000000e7f00000, 0x0000000100000000)
  eden space 106496K, 0% used [0x00000000e0000000,0x00000000e0000000,0x00000000e6800000)
  from space 10240K, 99% used [0x00000000e7500000,0x00000000e7efffc8,0x00000000e7f00000)
  to   space 11264K, 0% used [0x00000000e6900000,0x00000000e6900000,0x00000000e7400000)
 ParOldGen       total 51200K, used 8109K [0x00000000a0000000, 0x00000000a3200000, 0x00000000e0000000)
  object space 51200K, 15% used [0x00000000a0000000,0x00000000a07eb710,0x00000000a3200000)
 Metaspace       used 33750K, capacity 34196K, committed 34432K, reserved 1079296K
  class space    used 4809K, capacity 4966K, committed 4992K, reserved 1048576K
}
Event: 32.264 GC heap before
{Heap before GC invocations=10 (full 1):
 PSYoungGen      total 116736K, used 18021K [0x00000000e0000000, 0x00000000e7f00000, 0x0000000100000000)
  eden space 106496K, 7% used [0x00000000e0000000,0x00000000e0799548,0x00000000e6800000)
  from space 10240K, 99% used [0x00000000e7500000,0x00000000e7efffc8,0x00000000e7f00000)
  to   space 11264K, 0% used [0x00000000e6900000,0x00000000e6900000,0x00000000e7400000)
 ParOldGen       total 51200K, used 8109K [0x00000000a0000000, 0x00000000a3200000, 0x00000000e0000000)
  object space 51200K, 15% used [0x00000000a0000000,0x00000000a07eb710,0x00000000a3200000)
 Metaspace       used 35008K, capacity 35436K, committed 35496K, reserved 1079296K
  class space    used 4931K, capacity 5104K, committed 5120K, reserved 1048576K
Event: 32.275 GC heap after
Heap after GC invocations=10 (full 1):
 PSYoungGen      total 118784K, used 6149K [0x00000000e0000000, 0x00000000eab00000, 0x0000000100000000)
  eden space 107520K, 0% used [0x00000000e0000000,0x00000000e0000000,0x00000000e6900000)
  from space 11264K, 54% used [0x00000000e6900000,0x00000000e6f01668,0x00000000e7400000)
  to   space 11264K, 0% used [0x00000000ea000000,0x00000000ea000000,0x00000000eab00000)
 ParOldGen       total 51200K, used 9557K [0x00000000a0000000, 0x00000000a3200000, 0x00000000e0000000)
  object space 51200K, 18% used [0x00000000a0000000,0x00000000a09557d0,0x00000000a3200000)
 Metaspace       used 35008K, capacity 35436K, committed 35496K, reserved 1079296K
  class space    used 4931K, capacity 5104K, committed 5120K, reserved 1048576K
}
Event: 32.275 GC heap before
{Heap before GC invocations=11 (full 2):
 PSYoungGen      total 118784K, used 6149K [0x00000000e0000000, 0x00000000eab00000, 0x0000000100000000)
  eden space 107520K, 0% used [0x00000000e0000000,0x00000000e0000000,0x00000000e6900000)
  from space 11264K, 54% used [0x00000000e6900000,0x00000000e6f01668,0x00000000e7400000)
  to   space 11264K, 0% used [0x00000000ea000000,0x00000000ea000000,0x00000000eab00000)
 ParOldGen       total 51200K, used 9557K [0x00000000a0000000, 0x00000000a3200000, 0x00000000e0000000)
  object space 51200K, 18% used [0x00000000a0000000,0x00000000a09557d0,0x00000000a3200000)
 Metaspace       used 35008K, capacity 35436K, committed 35496K, reserved 1079296K
  class space    used 4931K, capacity 5104K, committed 5120K, reserved 1048576K
Event: 32.351 GC heap after
Heap after GC invocations=11 (full 2):
 PSYoungGen      total 118784K, used 0K [0x00000000e0000000, 0x00000000eab00000, 0x0000000100000000)
  eden space 107520K, 0% used [0x00000000e0000000,0x00000000e0000000,0x00000000e6900000)
  from space 11264K, 0% used [0x00000000e6900000,0x00000000e6900000,0x00000000e7400000)
  to   space 11264K, 0% used [0x00000000ea000000,0x00000000ea000000,0x00000000eab00000)
 ParOldGen       total 66560K, used 14265K [0x00000000a0000000, 0x00000000a4100000, 0x00000000e0000000)
  object space 66560K, 21% used [0x00000000a0000000,0x00000000a0dee410,0x00000000a4100000)
 Metaspace       used 35008K, capacity 35436K, committed 35496K, reserved 1079296K
  class space    used 4931K, capacity 5104K, committed 5120K, reserved 1048576K
}
Event: 41.845 GC heap before
{Heap before GC invocations=12 (full 2):
 PSYoungGen      total 118784K, used 107520K [0x00000000e0000000, 0x00000000eab00000, 0x0000000100000000)
  eden space 107520K, 100% used [0x00000000e0000000,0x00000000e6900000,0x00000000e6900000)
  from space 11264K, 0% used [0x00000000e6900000,0x00000000e6900000,0x00000000e7400000)
  to   space 11264K, 0% used [0x00000000ea000000,0x00000000ea000000,0x00000000eab00000)
 ParOldGen       total 66560K, used 14265K [0x00000000a0000000, 0x00000000a4100000, 0x00000000e0000000)
  object space 66560K, 21% used [0x00000000a0000000,0x00000000a0dee410,0x00000000a4100000)
 Metaspace       used 41784K, capacity 42514K, committed 42624K, reserved 1085440K
  class space    used 5741K, capacity 6000K, committed 6016K, reserved 1048576K
Event: 41.859 GC heap after
Heap after GC invocations=12 (full 2):
 PSYoungGen      total 162304K, used 11247K [0x00000000e0000000, 0x00000000eaf00000, 0x0000000100000000)
  eden space 151040K, 0% used [0x00000000e0000000,0x00000000e0000000,0x00000000e9380000)
  from space 11264K, 99% used [0x00000000ea000000,0x00000000eaafbc48,0x00000000eab00000)
  to   space 12800K, 0% used [0x00000000e9380000,0x00000000e9380000,0x00000000ea000000)
 ParOldGen       total 66560K, used 15636K [0x00000000a0000000, 0x00000000a4100000, 0x00000000e0000000)
  object space 66560K, 23% used [0x00000000a0000000,0x00000000a0f45368,0x00000000a4100000)
 Metaspace       used 41784K, capacity 42514K, committed 42624K, reserved 1085440K
  class space    used 5741K, capacity 6000K, committed 6016K, reserved 1048576K
}

Deoptimization events (10 events):
Event: 35.987 Thread 0x0000000018bf8800 Uncommon trap: reason=unstable_if action=reinterpret pc=0x0000000002e337ac method=java.security.CodeSource.getCertificates()[Ljava/security/cert/Certificate; @ 22
Event: 35.988 Thread 0x0000000018bf8800 Uncommon trap: reason=unstable_if action=reinterpret pc=0x00000000031ae330 method=java.util.jar.JarFile$JarFileEntry.getCodeSigners()[Ljava/security/CodeSigner; @ 24
Event: 35.988 Thread 0x0000000018bf8800 Uncommon trap: reason=unstable_if action=reinterpret pc=0x000000000313c3fc method=java.security.CodeSource.matchCerts(Ljava/security/CodeSource;Z)Z @ 11
Event: 36.002 Thread 0x0000000018bf8800 Uncommon trap: reason=unstable_if action=reinterpret pc=0x00000000031b447c method=java.util.LinkedHashMap.get(Ljava/lang/Object;)Ljava/lang/Object; @ 20
Event: 36.353 Thread 0x0000000018bf8800 Uncommon trap: reason=unstable_if action=reinterpret pc=0x000000000315d5fc method=org.objectweb.asm.ByteVector.putUTF8(Ljava/lang/String;)Lorg/objectweb/asm/ByteVector; @ 91
Event: 36.560 Thread 0x0000000018bf8800 Uncommon trap: reason=unstable_if action=reinterpret pc=0x0000000002e47cb0 method=org.objectweb.asm.ByteVector.putUTF8(Ljava/lang/String;)Lorg/objectweb/asm/ByteVector; @ 91
Event: 36.727 Thread 0x0000000018bf8800 Uncommon trap: reason=unstable_if action=reinterpret pc=0x0000000002c02504 method=org.gradle.internal.logging.text.AbstractLineChoppingStyledTextOutput$2.execute(Lorg/gradle/internal/logging/text/AbstractLineChoppingStyledTextOutput$StateContext;)V @ 30
Event: 36.739 Thread 0x0000000018bf8800 Uncommon trap: reason=unstable_if action=reinterpret pc=0x0000000002b7ce44 method=org.gradle.internal.logging.text.AbstractLineChoppingStyledTextOutput$2.execute(Lorg/gradle/internal/logging/text/AbstractLineChoppingStyledTextOutput$StateContext;)V @ 30
Event: 36.740 Thread 0x0000000018bf8800 Uncommon trap: reason=unstable_if action=reinterpret pc=0x0000000002b77564 method=org.gradle.internal.logging.text.AbstractLineChoppingStyledTextOutput$2.execute(Lorg/gradle/internal/logging/text/AbstractLineChoppingStyledTextOutput$StateContext;)V @ 30
Event: 40.318 Thread 0x0000000018bf8800 Uncommon trap: reason=unstable_if action=reinterpret pc=0x000000000331618c method=org.gradle.internal.reflect.PropertyAccessorType.of(Ljava/lang/reflect/Method;)Lorg/gradle/internal/reflect/PropertyAccessorType; @ 56

Classes redefined (0 events):
No events

Internal exceptions (10 events):
Event: 42.100 Thread 0x0000000018bf8800 Exception <a 'java/lang/ClassNotFoundException': org/gradle/api/internal/AbstractNamedDomainObjectContainerBeanInfo> (0x00000000e05a0550) thrown at [C:\re\workspace\8-2-build-windows-amd64-cygwin\jdk8u181\11358\hotspot\src\share\vm\classfile\systemDiction
Event: 42.101 Thread 0x0000000018bf8800 Exception <a 'java/lang/ClassNotFoundException': org/gradle/api/internal/DefaultNamedDomainObjectSetBeanInfo> (0x00000000e05d66b8) thrown at [C:\re\workspace\8-2-build-windows-amd64-cygwin\jdk8u181\11358\hotspot\src\share\vm\classfile\systemDictionary.cpp
Event: 42.101 Thread 0x0000000018bf8800 Exception <a 'java/lang/ClassNotFoundException': org/gradle/api/internal/DefaultNamedDomainObjectSetCustomizer> (0x00000000e060d480) thrown at [C:\re\workspace\8-2-build-windows-amd64-cygwin\jdk8u181\11358\hotspot\src\share\vm\classfile\systemDictionary.c
Event: 42.104 Thread 0x0000000018bf8800 Exception <a 'java/lang/ClassNotFoundException': org/gradle/api/internal/AbstractNamedDomainObjectContainerCustomizer> (0x00000000e0663980) thrown at [C:\re\workspace\8-2-build-windows-amd64-cygwin\jdk8u181\11358\hotspot\src\share\vm\classfile\systemDicti
Event: 42.105 Thread 0x0000000018bf8800 Exception <a 'java/lang/ClassNotFoundException': org/gradle/api/internal/FactoryNamedDomainObjectContainerCustomizer> (0x00000000e06b5f50) thrown at [C:\re\workspace\8-2-build-windows-amd64-cygwin\jdk8u181\11358\hotspot\src\share\vm\classfile\systemDictio
Event: 42.106 Thread 0x0000000018bf8800 Exception <a 'java/lang/ClassNotFoundException': org/gradle/api/internal/FactoryNamedDomainObjectContainer_DecoratedCustomizer> (0x00000000e0700870) thrown at [C:\re\workspace\8-2-build-windows-amd64-cygwin\jdk8u181\11358\hotspot\src\share\vm\classfile\sy
Event: 42.113 Thread 0x0000000018bf8800 Exception <a 'java/lang/ClassNotFoundException': build_b0u1lkshm7onjertfiu3hli69$_run_closure1$_closure4BeanInfo> (0x00000000e0753048) thrown at [C:\re\workspace\8-2-build-windows-amd64-cygwin\jdk8u181\11358\hotspot\src\share\vm\classfile\systemDictionary
Event: 42.113 Thread 0x0000000018bf8800 Exception <a 'java/lang/ClassNotFoundException': build_b0u1lkshm7onjertfiu3hli69$_run_closure1$_closure4Customizer> (0x00000000e07636a0) thrown at [C:\re\workspace\8-2-build-windows-amd64-cygwin\jdk8u181\11358\hotspot\src\share\vm\classfile\systemDictiona
Event: 42.114 Thread 0x0000000018bf8800 Exception <a 'java/lang/ClassNotFoundException': build_b0u1lkshm7onjertfiu3hli69$_run_closure1BeanInfo> (0x00000000e0792310) thrown at [C:\re\workspace\8-2-build-windows-amd64-cygwin\jdk8u181\11358\hotspot\src\share\vm\classfile\systemDictionary.cpp, line
Event: 42.115 Thread 0x0000000018bf8800 Exception <a 'java/lang/ClassNotFoundException': build_b0u1lkshm7onjertfiu3hli69$_run_closure1Customizer> (0x00000000e07a2018) thrown at [C:\re\workspace\8-2-build-windows-amd64-cygwin\jdk8u181\11358\hotspot\src\share\vm\classfile\systemDictionary.cpp, li

Events (10 events):
Event: 42.113 loading class groovy/lang/Tuple
Event: 42.113 loading class groovy/lang/Tuple done
Event: 42.114 loading class build_b0u1lkshm7onjertfiu3hli69$_run_closure1BeanInfo
Event: 42.114 loading class build_b0u1lkshm7onjertfiu3hli69$_run_closure1BeanInfo done
Event: 42.114 loading class build_b0u1lkshm7onjertfiu3hli69$_run_closure1BeanInfo
Event: 42.114 loading class build_b0u1lkshm7onjertfiu3hli69$_run_closure1BeanInfo done
Event: 42.114 loading class build_b0u1lkshm7onjertfiu3hli69$_run_closure1Customizer
Event: 42.114 loading class build_b0u1lkshm7onjertfiu3hli69$_run_closure1Customizer done
Event: 42.115 loading class build_b0u1lkshm7onjertfiu3hli69$_run_closure1Customizer
Event: 42.115 loading class build_b0u1lkshm7onjertfiu3hli69$_run_closure1Customizer done


Dynamic libraries:
0x000000013f090000 - 0x000000013f0c7000 	C:\Program Files\Java\jdk1.8.0_181\bin\java.exe
0x0000000077b10000 - 0x0000000077caf000 	C:\Windows\SYSTEM32\ntdll.dll
0x000007fee0620000 - 0x000007fee0634000 	C:\Program Files\AVAST Software\Avast\x64\aswhooka.dll
0x00000000778f0000 - 0x0000000077a0f000 	C:\Windows\system32\kernel32.dll
0x000007fefda00000 - 0x000007fefda6a000 	C:\Windows\system32\KERNELBASE.dll
0x000007feffb40000 - 0x000007feffc1b000 	C:\Windows\system32\ADVAPI32.dll
0x000007fefe090000 - 0x000007fefe12f000 	C:\Windows\system32\msvcrt.dll
0x000007feffb20000 - 0x000007feffb3f000 	C:\Windows\SYSTEM32\sechost.dll
0x000007feffc70000 - 0x000007feffd9d000 	C:\Windows\system32\RPCRT4.dll
0x0000000077a10000 - 0x0000000077b0a000 	C:\Windows\system32\USER32.dll
0x000007fefdba0000 - 0x000007fefdc07000 	C:\Windows\system32\GDI32.dll
0x000007fefdc10000 - 0x000007fefdc1e000 	C:\Windows\system32\LPK.dll
0x000007fefe160000 - 0x000007fefe22b000 	C:\Windows\system32\USP10.dll
0x000007fefbbe0000 - 0x000007fefbdd4000 	C:\Windows\WinSxS\amd64_microsoft.windows.common-controls_6595b64144ccf1df_6.0.7601.18837_none_fa3b1e3d17594757\COMCTL32.dll
0x000007fefdb10000 - 0x000007fefdb81000 	C:\Windows\system32\SHLWAPI.dll
0x000007fefe130000 - 0x000007fefe15e000 	C:\Windows\system32\IMM32.DLL
0x000007fefe230000 - 0x000007fefe339000 	C:\Windows\system32\MSCTF.dll
0x0000000064f00000 - 0x0000000064fd2000 	C:\Program Files\Java\jdk1.8.0_181\jre\bin\msvcr100.dll
0x0000000070a10000 - 0x00000000712b2000 	C:\Program Files\Java\jdk1.8.0_181\jre\bin\server\jvm.dll
0x000007fefc4d0000 - 0x000007fefc4d9000 	C:\Windows\system32\WSOCK32.dll
0x000007feffc20000 - 0x000007feffc6d000 	C:\Windows\system32\WS2_32.dll
0x000007fefdb90000 - 0x000007fefdb98000 	C:\Windows\system32\NSI.dll
0x000007fef74c0000 - 0x000007fef74fb000 	C:\Windows\system32\WINMM.dll
0x000007fefc790000 - 0x000007fefc79c000 	C:\Windows\system32\VERSION.dll
0x0000000077cc0000 - 0x0000000077cc7000 	C:\Windows\system32\PSAPI.DLL
0x0000000064bb0000 - 0x0000000064bbf000 	C:\Program Files\Java\jdk1.8.0_181\jre\bin\verify.dll
0x0000000064b80000 - 0x0000000064ba9000 	C:\Program Files\Java\jdk1.8.0_181\jre\bin\java.dll
0x00000000649f0000 - 0x0000000064a06000 	C:\Program Files\Java\jdk1.8.0_181\jre\bin\zip.dll
0x000007fefe7a0000 - 0x000007feff52a000 	C:\Windows\system32\SHELL32.dll
0x000007fefe520000 - 0x000007fefe71d000 	C:\Windows\system32\ole32.dll
0x000007fefd6b0000 - 0x000007fefd6bf000 	C:\Windows\system32\profapi.dll
0x00000000649b0000 - 0x00000000649ca000 	C:\Program Files\Java\jdk1.8.0_181\jre\bin\net.dll
0x000007fefce40000 - 0x000007fefce95000 	C:\Windows\system32\mswsock.dll
0x000007fefce30000 - 0x000007fefce37000 	C:\Windows\System32\wship6.dll
0x00000000649d0000 - 0x00000000649e1000 	C:\Program Files\Java\jdk1.8.0_181\jre\bin\nio.dll
0x000007feea920000 - 0x000007feea93e000 	C:\Users\Тарасовы\.gradle\native\25\windows-amd64\native-platform.dll
0x00000000653b0000 - 0x00000000653bd000 	C:\Program Files\Java\jdk1.8.0_181\jre\bin\management.dll
0x000007fefcea0000 - 0x000007fefceb8000 	C:\Windows\system32\CRYPTSP.dll
0x000007fefcba0000 - 0x000007fefcbe7000 	C:\Windows\system32\rsaenh.dll
0x000007fefd700000 - 0x000007fefd71e000 	C:\Windows\system32\USERENV.dll
0x000007fefd510000 - 0x000007fefd51f000 	C:\Windows\system32\CRYPTBASE.dll
0x000007fefae70000 - 0x000007fefae97000 	C:\Windows\system32\IPHLPAPI.DLL
0x000007fefae60000 - 0x000007fefae6b000 	C:\Windows\system32\WINNSI.DLL
0x000007fefad90000 - 0x000007fefada1000 	C:\Windows\system32\dhcpcsvc6.DLL
0x000007fefad70000 - 0x000007fefad88000 	C:\Windows\system32\dhcpcsvc.DLL

VM Arguments:
jvm_args: -Xmx1536m -Dfile.encoding=windows-1251 -Duser.country=RU -Duser.language=ru -Duser.variant 
java_command: org.gradle.launcher.daemon.bootstrap.GradleDaemon 4.6
java_class_path (initial): C:\Users\Тарасовы\.gradle\wrapper\dists\gradle-4.6-all\bcst21l2brirad8k2ben1letg\gradle-4.6\lib\gradle-launcher-4.6.jar
Launcher Type: SUN_STANDARD

Environment Variables:
JAVA_HOME=C:\Program Files\Java\jdk1.8.0_181
PATH=C:\Program Files (x86)\Common Files\Intel\Shared Libraries\redist\intel64\compiler;C:\Program Files (x86)\Common Files\Oracle\Java\javapath;C:\Windows\system32;C:\Windows;C:\Windows\System32\Wbem;C:\Windows\System32\WindowsPowerShell\v1.0\;C:\Program Files\Git\cmd;C:\Program Files\apache-maven-3.5.4\bin;C:\Program Files\Java\jdk1.8.0_181\bin
USERNAME=Тарасовы
OS=Windows_NT
PROCESSOR_IDENTIFIER=Intel64 Family 6 Model 60 Stepping 3, GenuineIntel



---------------  S Y S T E M  ---------------

OS: Windows 7 , 64 bit Build 7601 (6.1.7601.24231)

CPU:total 2 (initial active 2) (2 cores per cpu, 1 threads per core) family 6 model 60 stepping 3, cmov, cx8, fxsr, mmx, sse, sse2, sse3, ssse3, sse4.1, sse4.2, popcnt, clmul, erms, lzcnt, tsc, tscinvbit

Memory: 4k page, physical 8284016k(1023276k free), swap 8282120k(3036k free)

vm_info: Java HotSpot(TM) 64-Bit Server VM (25.181-b13) for windows-amd64 JRE (1.8.0_181-b13), built on Jul  7 2018 04:01:33 by "java_re" with MS VC++ 10.0 (VS2010)

time: Sun Oct 21 20:35:43 2018
elapsed time: 42 seconds (0d 0h 0m 42s)

